{"/Users/ciaranotter/Documents/School_stuff/SwapShop/swapshop/src/classes/Communicator.js": {"path":"/Users/ciaranotter/Documents/School_stuff/SwapShop/swapshop/src/classes/Communicator.js","statementMap":{"0":{"start":{"line":12,"column":8},"end":{"line":12,"column":23}},"1":{"start":{"line":13,"column":8},"end":{"line":13,"column":33}},"2":{"start":{"line":21,"column":22},"end":{"line":21,"column":27}},"3":{"start":{"line":23,"column":8},"end":{"line":28,"column":11}},"4":{"start":{"line":24,"column":12},"end":{"line":27,"column":13}},"5":{"start":{"line":25,"column":16},"end":{"line":25,"column":31}},"6":{"start":{"line":26,"column":16},"end":{"line":26,"column":23}},"7":{"start":{"line":30,"column":8},"end":{"line":30,"column":23}},"8":{"start":{"line":40,"column":21},"end":{"line":40,"column":45}},"9":{"start":{"line":42,"column":8},"end":{"line":47,"column":10}},"10":{"start":{"line":43,"column":12},"end":{"line":43,"column":48}},"11":{"start":{"line":44,"column":12},"end":{"line":46,"column":13}},"12":{"start":{"line":45,"column":16},"end":{"line":45,"column":31}},"13":{"start":{"line":49,"column":8},"end":{"line":49,"column":22}},"14":{"start":{"line":60,"column":19},"end":{"line":60,"column":53}},"15":{"start":{"line":62,"column":21},"end":{"line":62,"column":58}},"16":{"start":{"line":64,"column":23},"end":{"line":64,"column":69}},"17":{"start":{"line":64,"column":52},"end":{"line":64,"column":68}},"18":{"start":{"line":65,"column":19},"end":{"line":65,"column":40}},"19":{"start":{"line":67,"column":8},"end":{"line":69,"column":9}},"20":{"start":{"line":68,"column":12},"end":{"line":68,"column":35}},"21":{"start":{"line":71,"column":8},"end":{"line":71,"column":21}},"22":{"start":{"line":76,"column":21},"end":{"line":76,"column":81}}},"fnMap":{"0":{"name":"(anonymous_0)","decl":{"start":{"line":11,"column":4},"end":{"line":11,"column":5}},"loc":{"start":{"line":11,"column":21},"end":{"line":14,"column":5}},"line":11},"1":{"name":"(anonymous_1)","decl":{"start":{"line":20,"column":4},"end":{"line":20,"column":5}},"loc":{"start":{"line":20,"column":30},"end":{"line":31,"column":5}},"line":20},"2":{"name":"(anonymous_2)","decl":{"start":{"line":23,"column":27},"end":{"line":23,"column":28}},"loc":{"start":{"line":23,"column":35},"end":{"line":28,"column":9}},"line":23},"3":{"name":"(anonymous_3)","decl":{"start":{"line":39,"column":4},"end":{"line":39,"column":5}},"loc":{"start":{"line":39,"column":37},"end":{"line":50,"column":5}},"line":39},"4":{"name":"(anonymous_4)","decl":{"start":{"line":42,"column":33},"end":{"line":42,"column":34}},"loc":{"start":{"line":42,"column":47},"end":{"line":47,"column":9}},"line":42},"5":{"name":"(anonymous_5)","decl":{"start":{"line":59,"column":4},"end":{"line":59,"column":5}},"loc":{"start":{"line":59,"column":58},"end":{"line":72,"column":5}},"line":59},"6":{"name":"(anonymous_6)","decl":{"start":{"line":64,"column":49},"end":{"line":64,"column":50}},"loc":{"start":{"line":64,"column":52},"end":{"line":64,"column":68}},"line":64}},"branchMap":{"0":{"loc":{"start":{"line":24,"column":12},"end":{"line":27,"column":13}},"type":"if","locations":[{"start":{"line":24,"column":12},"end":{"line":27,"column":13}},{"start":{},"end":{}}],"line":24},"1":{"loc":{"start":{"line":44,"column":12},"end":{"line":46,"column":13}},"type":"if","locations":[{"start":{"line":44,"column":12},"end":{"line":46,"column":13}},{"start":{},"end":{}}],"line":44},"2":{"loc":{"start":{"line":67,"column":8},"end":{"line":69,"column":9}},"type":"if","locations":[{"start":{"line":67,"column":8},"end":{"line":69,"column":9}},{"start":{},"end":{}}],"line":67}},"s":{"0":2,"1":2,"2":12,"3":12,"4":60,"5":11,"6":11,"7":12,"8":7,"9":7,"10":20,"11":20,"12":13,"13":7,"14":6,"15":6,"16":6,"17":0,"18":6,"19":6,"20":2,"21":4,"22":2},"f":{"0":2,"1":12,"2":60,"3":7,"4":20,"5":6,"6":0},"b":{"0":[11,49],"1":[13,7],"2":[2,4]},"_coverageSchema":"1a1c01bbd47fc00a2c39e90264f33305004495a9","hash":"ca266b5bdb87860b7af7a0d0ee825d981b896e1e"}
,"/Users/ciaranotter/Documents/School_stuff/SwapShop/swapshop/src/classes/User_Account.js": {"path":"/Users/ciaranotter/Documents/School_stuff/SwapShop/swapshop/src/classes/User_Account.js","statementMap":{"0":{"start":{"line":6,"column":8},"end":{"line":6,"column":23}},"1":{"start":{"line":7,"column":8},"end":{"line":7,"column":24}},"2":{"start":{"line":8,"column":8},"end":{"line":8,"column":27}},"3":{"start":{"line":9,"column":8},"end":{"line":9,"column":24}},"4":{"start":{"line":10,"column":8},"end":{"line":10,"column":19}},"5":{"start":{"line":14,"column":8},"end":{"line":14,"column":30}},"6":{"start":{"line":15,"column":8},"end":{"line":15,"column":56}},"7":{"start":{"line":16,"column":8},"end":{"line":16,"column":48}},"8":{"start":{"line":17,"column":8},"end":{"line":17,"column":42}},"9":{"start":{"line":18,"column":8},"end":{"line":18,"column":27}},"10":{"start":{"line":20,"column":8},"end":{"line":20,"column":20}},"11":{"start":{"line":24,"column":8},"end":{"line":24,"column":21}},"12":{"start":{"line":25,"column":8},"end":{"line":25,"column":20}},"13":{"start":{"line":29,"column":8},"end":{"line":29,"column":27}},"14":{"start":{"line":30,"column":8},"end":{"line":30,"column":20}},"15":{"start":{"line":34,"column":8},"end":{"line":34,"column":27}},"16":{"start":{"line":35,"column":8},"end":{"line":35,"column":20}},"17":{"start":{"line":39,"column":20},"end":{"line":39,"column":39}},"18":{"start":{"line":40,"column":8},"end":{"line":42,"column":9}},"19":{"start":{"line":41,"column":12},"end":{"line":41,"column":128}},"20":{"start":{"line":44,"column":8},"end":{"line":44,"column":39}},"21":{"start":{"line":45,"column":8},"end":{"line":45,"column":30}},"22":{"start":{"line":46,"column":8},"end":{"line":46,"column":30}},"23":{"start":{"line":48,"column":8},"end":{"line":48,"column":20}},"24":{"start":{"line":52,"column":8},"end":{"line":52,"column":26}},"25":{"start":{"line":56,"column":8},"end":{"line":56,"column":26}},"26":{"start":{"line":60,"column":8},"end":{"line":60,"column":44}},"27":{"start":{"line":64,"column":8},"end":{"line":64,"column":26}},"28":{"start":{"line":65,"column":8},"end":{"line":67,"column":9}},"29":{"start":{"line":66,"column":12},"end":{"line":66,"column":61}},"30":{"start":{"line":68,"column":8},"end":{"line":68,"column":29}},"31":{"start":{"line":69,"column":8},"end":{"line":69,"column":20}},"32":{"start":{"line":73,"column":8},"end":{"line":73,"column":29}},"33":{"start":{"line":77,"column":8},"end":{"line":77,"column":26}},"34":{"start":{"line":78,"column":8},"end":{"line":78,"column":20}},"35":{"start":{"line":82,"column":8},"end":{"line":82,"column":26}},"36":{"start":{"line":86,"column":8},"end":{"line":86,"column":23}},"37":{"start":{"line":92,"column":8},"end":{"line":92,"column":16}},"38":{"start":{"line":96,"column":23},"end":{"line":96,"column":106}},"39":{"start":{"line":98,"column":8},"end":{"line":100,"column":9}},"40":{"start":{"line":99,"column":12},"end":{"line":99,"column":25}},"41":{"start":{"line":101,"column":16},"end":{"line":105,"column":45}},"42":{"start":{"line":109,"column":8},"end":{"line":109,"column":20}},"43":{"start":{"line":116,"column":8},"end":{"line":116,"column":16}},"44":{"start":{"line":117,"column":8},"end":{"line":119,"column":25}},"45":{"start":{"line":124,"column":23},"end":{"line":124,"column":172}},"46":{"start":{"line":126,"column":8},"end":{"line":128,"column":9}},"47":{"start":{"line":127,"column":12},"end":{"line":127,"column":25}},"48":{"start":{"line":129,"column":8},"end":{"line":129,"column":35}},"49":{"start":{"line":130,"column":8},"end":{"line":130,"column":20}}},"fnMap":{"0":{"name":"(anonymous_0)","decl":{"start":{"line":5,"column":4},"end":{"line":5,"column":5}},"loc":{"start":{"line":5,"column":18},"end":{"line":11,"column":5}},"line":5},"1":{"name":"(anonymous_1)","decl":{"start":{"line":13,"column":4},"end":{"line":13,"column":5}},"loc":{"start":{"line":13,"column":14},"end":{"line":21,"column":5}},"line":13},"2":{"name":"(anonymous_2)","decl":{"start":{"line":23,"column":4},"end":{"line":23,"column":5}},"loc":{"start":{"line":23,"column":14},"end":{"line":26,"column":5}},"line":23},"3":{"name":"(anonymous_3)","decl":{"start":{"line":28,"column":4},"end":{"line":28,"column":5}},"loc":{"start":{"line":28,"column":23},"end":{"line":31,"column":5}},"line":28},"4":{"name":"(anonymous_4)","decl":{"start":{"line":33,"column":4},"end":{"line":33,"column":5}},"loc":{"start":{"line":33,"column":23},"end":{"line":36,"column":5}},"line":33},"5":{"name":"(anonymous_5)","decl":{"start":{"line":38,"column":4},"end":{"line":38,"column":5}},"loc":{"start":{"line":38,"column":26},"end":{"line":49,"column":5}},"line":38},"6":{"name":"(anonymous_6)","decl":{"start":{"line":51,"column":4},"end":{"line":51,"column":5}},"loc":{"start":{"line":51,"column":19},"end":{"line":53,"column":5}},"line":51},"7":{"name":"(anonymous_7)","decl":{"start":{"line":55,"column":4},"end":{"line":55,"column":5}},"loc":{"start":{"line":55,"column":18},"end":{"line":57,"column":5}},"line":55},"8":{"name":"(anonymous_8)","decl":{"start":{"line":59,"column":4},"end":{"line":59,"column":5}},"loc":{"start":{"line":59,"column":18},"end":{"line":61,"column":5}},"line":59},"9":{"name":"(anonymous_9)","decl":{"start":{"line":63,"column":4},"end":{"line":63,"column":5}},"loc":{"start":{"line":63,"column":22},"end":{"line":70,"column":5}},"line":63},"10":{"name":"(anonymous_10)","decl":{"start":{"line":72,"column":4},"end":{"line":72,"column":5}},"loc":{"start":{"line":72,"column":18},"end":{"line":74,"column":5}},"line":72},"11":{"name":"(anonymous_11)","decl":{"start":{"line":76,"column":4},"end":{"line":76,"column":5}},"loc":{"start":{"line":76,"column":20},"end":{"line":79,"column":5}},"line":76},"12":{"name":"(anonymous_12)","decl":{"start":{"line":81,"column":4},"end":{"line":81,"column":5}},"loc":{"start":{"line":81,"column":15},"end":{"line":83,"column":5}},"line":81},"13":{"name":"(anonymous_13)","decl":{"start":{"line":85,"column":4},"end":{"line":85,"column":5}},"loc":{"start":{"line":85,"column":12},"end":{"line":87,"column":5}},"line":85},"14":{"name":"(anonymous_14)","decl":{"start":{"line":91,"column":4},"end":{"line":91,"column":5}},"loc":{"start":{"line":91,"column":18},"end":{"line":93,"column":5}},"line":91},"15":{"name":"(anonymous_15)","decl":{"start":{"line":95,"column":4},"end":{"line":95,"column":5}},"loc":{"start":{"line":95,"column":26},"end":{"line":110,"column":5}},"line":95},"16":{"name":"(anonymous_16)","decl":{"start":{"line":115,"column":4},"end":{"line":115,"column":5}},"loc":{"start":{"line":115,"column":43},"end":{"line":121,"column":5}},"line":115},"17":{"name":"(anonymous_17)","decl":{"start":{"line":123,"column":4},"end":{"line":123,"column":5}},"loc":{"start":{"line":123,"column":37},"end":{"line":133,"column":5}},"line":123}},"branchMap":{"0":{"loc":{"start":{"line":40,"column":8},"end":{"line":42,"column":9}},"type":"if","locations":[{"start":{"line":40,"column":8},"end":{"line":42,"column":9}},{"start":{},"end":{}}],"line":40},"1":{"loc":{"start":{"line":40,"column":12},"end":{"line":40,"column":67}},"type":"binary-expr","locations":[{"start":{"line":40,"column":12},"end":{"line":40,"column":29}},{"start":{"line":40,"column":34},"end":{"line":40,"column":48}},{"start":{"line":40,"column":52},"end":{"line":40,"column":66}}],"line":40},"2":{"loc":{"start":{"line":65,"column":8},"end":{"line":67,"column":9}},"type":"if","locations":[{"start":{"line":65,"column":8},"end":{"line":67,"column":9}},{"start":{},"end":{}}],"line":65},"3":{"loc":{"start":{"line":98,"column":8},"end":{"line":100,"column":9}},"type":"if","locations":[{"start":{"line":98,"column":8},"end":{"line":100,"column":9}},{"start":{},"end":{}}],"line":98},"4":{"loc":{"start":{"line":126,"column":8},"end":{"line":128,"column":9}},"type":"if","locations":[{"start":{"line":126,"column":8},"end":{"line":128,"column":9}},{"start":{},"end":{}}],"line":126}},"s":{"0":3,"1":3,"2":3,"3":3,"4":3,"5":1,"6":1,"7":1,"8":1,"9":1,"10":1,"11":3,"12":3,"13":2,"14":2,"15":2,"16":2,"17":3,"18":3,"19":2,"20":1,"21":1,"22":1,"23":1,"24":5,"25":5,"26":1,"27":6,"28":6,"29":1,"30":5,"31":5,"32":5,"33":3,"34":3,"35":5,"36":1,"37":1,"38":3,"39":3,"40":2,"41":1,"42":1,"43":1,"44":1,"45":2,"46":2,"47":1,"48":1,"49":1},"f":{"0":3,"1":1,"2":3,"3":2,"4":2,"5":3,"6":5,"7":5,"8":1,"9":6,"10":5,"11":3,"12":5,"13":1,"14":1,"15":3,"16":1,"17":2},"b":{"0":[2,1],"1":[3,1,1],"2":[1,5],"3":[2,1],"4":[1,1]},"_coverageSchema":"1a1c01bbd47fc00a2c39e90264f33305004495a9","hash":"6aeb85fdf464f880af1f32f9e051d5f7143d3a4e"}
,"/Users/ciaranotter/Documents/School_stuff/SwapShop/swapshop/src/helpers/APIcommands.js": {"path":"/Users/ciaranotter/Documents/School_stuff/SwapShop/swapshop/src/helpers/APIcommands.js","statementMap":{"0":{"start":{"line":1,"column":20},"end":{"line":34,"column":1}}},"fnMap":{},"branchMap":{},"s":{"0":2},"f":{},"b":{},"_coverageSchema":"1a1c01bbd47fc00a2c39e90264f33305004495a9","hash":"2c85623494925214243ce6e090ff8a242768e557"}
}
