{"total": {"lines":{"total":140,"covered":136,"skipped":0,"pct":97.14},"statements":{"total":141,"covered":136,"skipped":0,"pct":96.45},"functions":{"total":52,"covered":48,"skipped":0,"pct":92.3},"branches":{"total":23,"covered":23,"skipped":0,"pct":100},"branchesTrue":{"total":0,"covered":0,"skipped":0,"pct":100}}
,"/home/circleci/project/swapshop/src/classes/Communicator.js": {"lines":{"total":24,"covered":24,"skipped":0,"pct":100},"functions":{"total":7,"covered":6,"skipped":0,"pct":85.71},"statements":{"total":25,"covered":24,"skipped":0,"pct":96},"branches":{"total":6,"covered":6,"skipped":0,"pct":100}}
,"/home/circleci/project/swapshop/src/classes/Item_List.js": {"lines":{"total":28,"covered":28,"skipped":0,"pct":100},"functions":{"total":11,"covered":11,"skipped":0,"pct":100},"statements":{"total":28,"covered":28,"skipped":0,"pct":100},"branches":{"total":4,"covered":4,"skipped":0,"pct":100}}
,"/home/circleci/project/swapshop/src/classes/Trade_Item.js": {"lines":{"total":36,"covered":32,"skipped":0,"pct":88.88},"functions":{"total":16,"covered":13,"skipped":0,"pct":81.25},"statements":{"total":36,"covered":32,"skipped":0,"pct":88.88},"branches":{"total":2,"covered":2,"skipped":0,"pct":100}}
,"/home/circleci/project/swapshop/src/classes/User_Account.js": {"lines":{"total":51,"covered":51,"skipped":0,"pct":100},"functions":{"total":18,"covered":18,"skipped":0,"pct":100},"statements":{"total":51,"covered":51,"skipped":0,"pct":100},"branches":{"total":11,"covered":11,"skipped":0,"pct":100}}
,"/home/circleci/project/swapshop/src/helpers/APIcommands.js": {"lines":{"total":1,"covered":1,"skipped":0,"pct":100},"functions":{"total":0,"covered":0,"skipped":0,"pct":100},"statements":{"total":1,"covered":1,"skipped":0,"pct":100},"branches":{"total":0,"covered":0,"skipped":0,"pct":100}}
}
