TN:
SF:src/classes/Communicator.js
FN:11,(anonymous_0)
FN:21,(anonymous_1)
FN:24,(anonymous_2)
FN:40,(anonymous_3)
FN:43,(anonymous_4)
FN:64,(anonymous_5)
FN:69,(anonymous_6)
FNF:7
FNH:6
FNDA:4,(anonymous_0)
FNDA:28,(anonymous_1)
FNDA:224,(anonymous_2)
FNDA:20,(anonymous_3)
FNDA:49,(anonymous_4)
FNDA:19,(anonymous_5)
FNDA:0,(anonymous_6)
DA:12,4
DA:13,4
DA:14,4
DA:22,28
DA:24,28
DA:25,224
DA:26,27
DA:27,27
DA:31,28
DA:41,20
DA:43,20
DA:44,49
DA:45,49
DA:46,49
DA:47,49
DA:48,49
DA:49,49
DA:50,32
DA:53,20
DA:54,20
DA:65,19
DA:67,19
DA:69,19
DA:70,19
DA:72,19
DA:73,11
DA:76,8
DA:96,4
LF:28
LH:28
BRDA:25,0,0,27
BRDA:25,0,1,197
BRDA:49,1,0,32
BRDA:49,1,1,17
BRDA:72,2,0,11
BRDA:72,2,1,8
BRF:6
BRH:6
end_of_record
TN:
SF:src/classes/Item_List.js
FN:17,(anonymous_0)
FN:27,(anonymous_1)
FN:32,(anonymous_2)
FN:39,(anonymous_3)
FN:49,(anonymous_4)
FN:51,(anonymous_5)
FN:61,(anonymous_6)
FN:73,(anonymous_7)
FN:75,(anonymous_8)
FN:91,(anonymous_9)
FN:95,(anonymous_10)
FN:108,(anonymous_11)
FN:110,(anonymous_12)
FN:121,(anonymous_13)
FN:123,(anonymous_14)
FN:135,(anonymous_15)
FN:158,(anonymous_16)
FN:169,(anonymous_17)
FN:175,(anonymous_18)
FN:178,(anonymous_19)
FN:182,(anonymous_20)
FN:186,(anonymous_21)
FN:190,(anonymous_22)
FN:196,(anonymous_23)
FN:208,(anonymous_24)
FN:222,(anonymous_25)
FN:240,(anonymous_26)
FN:246,(anonymous_27)
FN:249,(anonymous_28)
FNF:29
FNH:23
FNDA:2,(anonymous_0)
FNDA:10,(anonymous_1)
FNDA:2,(anonymous_2)
FNDA:3,(anonymous_3)
FNDA:1,(anonymous_4)
FNDA:14,(anonymous_5)
FNDA:2,(anonymous_6)
FNDA:1,(anonymous_7)
FNDA:1,(anonymous_8)
FNDA:30,(anonymous_9)
FNDA:420,(anonymous_10)
FNDA:15,(anonymous_11)
FNDA:210,(anonymous_12)
FNDA:1,(anonymous_13)
FNDA:15,(anonymous_14)
FNDA:15,(anonymous_15)
FNDA:1,(anonymous_16)
FNDA:20,(anonymous_17)
FNDA:49,(anonymous_18)
FNDA:0,(anonymous_19)
FNDA:0,(anonymous_20)
FNDA:0,(anonymous_21)
FNDA:0,(anonymous_22)
FNDA:15,(anonymous_23)
FNDA:15,(anonymous_24)
FNDA:0,(anonymous_25)
FNDA:1,(anonymous_26)
FNDA:1,(anonymous_27)
FNDA:0,(anonymous_28)
DA:18,2
DA:19,2
DA:20,2
DA:21,2
DA:22,2
DA:23,2
DA:28,10
DA:33,2
DA:40,3
DA:50,1
DA:51,1
DA:52,14
DA:55,1
DA:56,1
DA:62,2
DA:63,2
DA:64,1
DA:65,1
DA:66,1
DA:69,1
DA:74,1
DA:75,1
DA:76,1
DA:77,1
DA:81,1
DA:82,1
DA:85,1
DA:92,30
DA:93,30
DA:95,30
DA:96,420
DA:97,128
DA:101,30
DA:109,15
DA:110,15
DA:111,210
DA:112,14
DA:113,14
DA:117,15
DA:122,1
DA:123,1
DA:124,15
DA:125,1
DA:126,1
DA:130,1
DA:131,1
DA:134,1
DA:135,1
DA:136,15
DA:137,1
DA:138,1
DA:142,1
DA:143,1
DA:159,1
DA:160,1
DA:161,1
DA:162,1
DA:170,20
DA:171,5
DA:174,20
DA:175,49
DA:177,20
DA:178,1
DA:181,20
DA:182,1
DA:185,20
DA:186,1
DA:189,20
DA:190,1
DA:192,20
DA:197,15
DA:198,15
DA:199,15
DA:200,15
DA:201,15
DA:209,15
DA:211,15
DA:213,15
DA:214,15
DA:218,0
DA:219,0
DA:221,0
DA:222,0
DA:223,0
DA:224,0
DA:228,0
DA:229,0
DA:232,0
DA:241,1
DA:247,1
DA:249,1
DA:250,0
DA:251,0
DA:252,0
DA:253,0
DA:255,1
LF:96
LH:83
BRDA:63,0,0,1
BRDA:63,0,1,1
BRDA:76,1,0,1
BRDA:76,1,1,0
BRDA:81,2,0,1
BRDA:81,2,1,0
BRDA:96,3,0,128
BRDA:96,3,1,292
BRDA:111,4,0,14
BRDA:111,4,1,196
BRDA:124,5,0,1
BRDA:124,5,1,14
BRDA:130,6,0,1
BRDA:130,6,1,0
BRDA:136,7,0,1
BRDA:136,7,1,14
BRDA:142,8,0,1
BRDA:142,8,1,0
BRDA:170,9,0,5
BRDA:170,9,1,15
BRDA:174,10,0,16
BRDA:174,10,1,4
BRDA:175,11,0,0
BRDA:175,11,1,49
BRDA:177,12,0,1
BRDA:177,12,1,19
BRDA:178,13,0,0
BRDA:178,13,1,0
BRDA:181,14,0,1
BRDA:181,14,1,19
BRDA:182,15,0,0
BRDA:182,15,1,0
BRDA:185,16,0,1
BRDA:185,16,1,19
BRDA:186,17,0,0
BRDA:186,17,1,0
BRDA:189,18,0,1
BRDA:189,18,1,19
BRDA:190,19,0,0
BRDA:190,19,1,0
BRDA:213,20,0,15
BRDA:213,20,1,0
BRDA:222,21,0,0
BRDA:222,21,1,0
BRDA:228,22,0,0
BRDA:228,22,1,0
BRF:46
BRH:28
end_of_record
TN:
SF:src/classes/Tag.js
FN:6,(anonymous_0)
FN:15,(anonymous_1)
FN:22,(anonymous_2)
FN:31,(anonymous_3)
FNF:4
FNH:4
FNDA:1,(anonymous_0)
FNDA:2,(anonymous_1)
FNDA:1,(anonymous_2)
FNDA:10,(anonymous_3)
DA:7,1
DA:8,1
DA:9,1
DA:16,2
DA:23,1
DA:32,10
DA:34,10
DA:35,9
DA:38,1
LF:9
LH:9
BRDA:34,0,0,9
BRDA:34,0,1,1
BRF:2
BRH:2
end_of_record
TN:
SF:src/classes/Trade_Item.js
FN:12,(anonymous_0)
FN:40,(anonymous_1)
FN:46,(anonymous_2)
FN:53,(anonymous_3)
FN:59,(anonymous_4)
FN:66,(anonymous_5)
FN:72,(anonymous_6)
FN:79,(anonymous_7)
FN:85,(anonymous_8)
FN:92,(anonymous_9)
FN:98,(anonymous_10)
FN:105,(anonymous_11)
FN:111,(anonymous_12)
FN:118,(anonymous_13)
FN:126,(anonymous_14)
FN:134,(anonymous_15)
FN:136,(anonymous_16)
FN:158,(anonymous_17)
FN:170,(anonymous_18)
FN:178,(anonymous_19)
FNF:20
FNH:19
FNDA:17,(anonymous_0)
FNDA:13,(anonymous_1)
FNDA:81,(anonymous_2)
FNDA:15,(anonymous_3)
FNDA:18,(anonymous_4)
FNDA:14,(anonymous_5)
FNDA:270,(anonymous_6)
FNDA:1,(anonymous_7)
FNDA:1,(anonymous_8)
FNDA:10,(anonymous_9)
FNDA:13,(anonymous_10)
FNDA:14,(anonymous_11)
FNDA:15,(anonymous_12)
FNDA:14,(anonymous_13)
FNDA:14,(anonymous_14)
FNDA:1,(anonymous_15)
FNDA:0,(anonymous_16)
FNDA:440,(anonymous_17)
FNDA:2,(anonymous_18)
FNDA:2,(anonymous_19)
DA:13,17
DA:14,17
DA:15,17
DA:16,17
DA:17,17
DA:18,17
DA:19,17
DA:20,17
DA:21,17
DA:22,17
DA:29,17
DA:30,17
DA:32,17
DA:41,13
DA:42,13
DA:47,81
DA:54,15
DA:55,15
DA:60,18
DA:67,14
DA:68,14
DA:73,270
DA:80,1
DA:81,1
DA:86,1
DA:93,10
DA:94,10
DA:99,13
DA:106,14
DA:107,14
DA:112,15
DA:119,14
DA:120,14
DA:127,14
DA:135,1
DA:136,0
DA:159,440
DA:160,440
DA:161,147
DA:164,293
DA:171,2
DA:172,2
DA:179,2
DA:185,2
LF:44
LH:43
BRDA:160,0,0,147
BRDA:160,0,1,293
BRF:2
BRH:2
end_of_record
TN:
SF:src/classes/User_Account.js
FN:12,(anonymous_0)
FN:21,(anonymous_1)
FN:34,(anonymous_2)
FN:40,(anonymous_3)
FN:47,(anonymous_4)
FN:55,(anonymous_5)
FN:63,(anonymous_6)
FN:77,(anonymous_7)
FN:82,(anonymous_8)
FN:87,(anonymous_9)
FN:94,(anonymous_10)
FN:104,(anonymous_11)
FN:110,(anonymous_12)
FN:116,(anonymous_13)
FN:126,(anonymous_14)
FN:134,(anonymous_15)
FN:153,(anonymous_16)
FN:164,(anonymous_17)
FN:176,(anonymous_18)
FNF:19
FNH:19
FNDA:6,(anonymous_0)
FNDA:2,(anonymous_1)
FNDA:6,(anonymous_2)
FNDA:6,(anonymous_3)
FNDA:4,(anonymous_4)
FNDA:4,(anonymous_5)
FNDA:6,(anonymous_6)
FNDA:10,(anonymous_7)
FNDA:10,(anonymous_8)
FNDA:3,(anonymous_9)
FNDA:12,(anonymous_10)
FNDA:10,(anonymous_11)
FNDA:6,(anonymous_12)
FNDA:10,(anonymous_13)
FNDA:4,(anonymous_14)
FNDA:6,(anonymous_15)
FNDA:2,(anonymous_16)
FNDA:2,(anonymous_17)
FNDA:4,(anonymous_18)
DA:13,6
DA:14,6
DA:15,6
DA:16,6
DA:17,6
DA:22,2
DA:23,2
DA:24,2
DA:25,2
DA:26,2
DA:28,2
DA:35,6
DA:36,6
DA:41,6
DA:48,4
DA:49,4
DA:56,4
DA:57,4
DA:64,6
DA:65,6
DA:66,4
DA:69,2
DA:70,2
DA:71,2
DA:73,2
DA:78,10
DA:83,10
DA:88,3
DA:95,12
DA:96,12
DA:97,2
DA:99,10
DA:100,10
DA:105,10
DA:111,6
DA:112,6
DA:117,10
DA:127,4
DA:135,6
DA:137,6
DA:138,6
DA:139,4
DA:142,2
DA:150,2
DA:154,2
DA:155,2
DA:156,2
DA:165,2
DA:166,2
DA:177,4
DA:179,4
DA:180,2
DA:182,2
DA:183,2
LF:54
LH:54
BRDA:65,0,0,4
BRDA:65,0,1,2
BRDA:65,1,0,6
BRDA:65,1,1,2
BRDA:65,1,2,2
BRDA:96,2,0,2
BRDA:96,2,1,10
BRDA:138,3,0,4
BRDA:138,3,1,2
BRDA:179,4,0,2
BRDA:179,4,1,2
BRF:11
BRH:11
end_of_record
TN:
SF:src/helpers/APIcommands.js
FNF:0
FNH:0
DA:4,4
LF:1
LH:1
BRF:0
BRH:0
end_of_record
