TN:
SF:src/classes/Communicator.js
FN:11,(anonymous_0)
FN:21,(anonymous_1)
FN:24,(anonymous_2)
FN:40,(anonymous_3)
FN:43,(anonymous_4)
FN:62,(anonymous_5)
FN:67,(anonymous_6)
FN:79,(anonymous_7)
FN:81,(anonymous_8)
FN:96,(anonymous_9)
FN:100,(anonymous_10)
FNF:11
FNH:9
FNDA:2,(anonymous_0)
FNDA:20,(anonymous_1)
FNDA:360,(anonymous_2)
FNDA:2,(anonymous_3)
FNDA:4,(anonymous_4)
FNDA:1,(anonymous_5)
FNDA:0,(anonymous_6)
FNDA:1,(anonymous_7)
FNDA:2,(anonymous_8)
FNDA:2,(anonymous_9)
FNDA:0,(anonymous_10)
DA:12,2
DA:13,2
DA:14,2
DA:22,20
DA:24,20
DA:25,360
DA:26,19
DA:27,19
DA:31,20
DA:41,2
DA:43,2
DA:44,4
DA:45,4
DA:46,4
DA:47,4
DA:48,4
DA:49,2
DA:52,2
DA:63,1
DA:65,1
DA:67,1
DA:68,1
DA:70,1
DA:71,0
DA:74,1
DA:80,1
DA:81,1
DA:82,2
DA:83,2
DA:84,2
DA:85,2
DA:86,2
DA:87,2
DA:89,2
DA:97,2
DA:98,2
DA:100,0
DA:102,1
LF:38
LH:36
BRDA:25,0,0,19
BRDA:25,0,1,341
BRDA:48,1,0,2
BRDA:48,1,1,2
BRDA:70,2,0,0
BRDA:70,2,1,1
BRF:6
BRH:5
end_of_record
TN:
SF:src/classes/Item_List.js
FN:17,(anonymous_0)
FN:28,(anonymous_1)
FN:33,(anonymous_2)
FN:40,(anonymous_3)
FN:50,(anonymous_4)
FN:52,(anonymous_5)
FN:60,(anonymous_6)
FN:72,(anonymous_7)
FN:74,(anonymous_8)
FN:90,(anonymous_9)
FN:94,(anonymous_10)
FN:107,(anonymous_11)
FN:109,(anonymous_12)
FN:120,(anonymous_13)
FN:122,(anonymous_14)
FN:134,(anonymous_15)
FN:157,(anonymous_16)
FN:175,(anonymous_17)
FN:180,(anonymous_18)
FN:184,(anonymous_19)
FN:187,(anonymous_20)
FN:191,(anonymous_21)
FN:195,(anonymous_22)
FN:199,(anonymous_23)
FN:205,(anonymous_24)
FN:216,(anonymous_25)
FN:231,(anonymous_26)
FN:245,(anonymous_27)
FN:247,(anonymous_28)
FN:259,(anonymous_29)
FN:265,(anonymous_30)
FN:268,(anonymous_31)
FN:278,(anonymous_32)
FN:286,compareInterest
FN:290,(anonymous_34)
FN:291,(anonymous_35)
FN:297,(anonymous_36)
FNF:37
FNH:20
FNDA:10,(anonymous_0)
FNDA:4,(anonymous_1)
FNDA:0,(anonymous_2)
FNDA:1,(anonymous_3)
FNDA:1,(anonymous_4)
FNDA:0,(anonymous_5)
FNDA:2,(anonymous_6)
FNDA:1,(anonymous_7)
FNDA:0,(anonymous_8)
FNDA:3,(anonymous_9)
FNDA:2,(anonymous_10)
FNDA:0,(anonymous_11)
FNDA:0,(anonymous_12)
FNDA:0,(anonymous_13)
FNDA:0,(anonymous_14)
FNDA:0,(anonymous_15)
FNDA:5,(anonymous_16)
FNDA:1,(anonymous_17)
FNDA:1,(anonymous_18)
FNDA:0,(anonymous_19)
FNDA:0,(anonymous_20)
FNDA:0,(anonymous_21)
FNDA:0,(anonymous_22)
FNDA:0,(anonymous_23)
FNDA:2,(anonymous_24)
FNDA:1,(anonymous_25)
FNDA:0,(anonymous_26)
FNDA:1,(anonymous_27)
FNDA:2,(anonymous_28)
FNDA:3,(anonymous_29)
FNDA:1,(anonymous_30)
FNDA:2,(anonymous_31)
FNDA:2,(anonymous_32)
FNDA:2,compareInterest
FNDA:0,(anonymous_34)
FNDA:0,(anonymous_35)
FNDA:0,(anonymous_36)
DA:18,10
DA:19,10
DA:20,10
DA:21,10
DA:22,10
DA:23,10
DA:24,10
DA:29,4
DA:34,0
DA:41,1
DA:51,1
DA:52,1
DA:53,0
DA:55,0
DA:61,2
DA:62,0
DA:63,0
DA:64,0
DA:65,0
DA:68,0
DA:73,1
DA:74,1
DA:75,0
DA:76,0
DA:80,0
DA:81,0
DA:84,0
DA:91,3
DA:92,3
DA:94,3
DA:95,2
DA:96,2
DA:100,3
DA:108,0
DA:109,0
DA:110,0
DA:111,0
DA:112,0
DA:116,0
DA:121,0
DA:122,0
DA:123,0
DA:124,0
DA:125,0
DA:129,0
DA:130,0
DA:133,0
DA:134,0
DA:135,0
DA:136,0
DA:137,0
DA:141,0
DA:142,0
DA:159,5
DA:160,2
DA:162,3
DA:165,5
DA:166,5
DA:167,5
DA:168,5
DA:176,1
DA:177,0
DA:179,1
DA:180,1
DA:183,0
DA:184,0
DA:186,0
DA:187,0
DA:190,0
DA:191,0
DA:194,0
DA:195,0
DA:198,0
DA:199,0
DA:201,0
DA:206,2
DA:207,2
DA:208,2
DA:217,1
DA:219,1
DA:221,1
DA:222,1
DA:223,0
DA:227,0
DA:228,0
DA:230,0
DA:231,0
DA:232,0
DA:233,0
DA:237,0
DA:238,0
DA:241,0
DA:242,0
DA:246,1
DA:247,1
DA:248,2
DA:251,1
DA:260,3
DA:266,1
DA:268,1
DA:269,2
DA:270,2
DA:271,2
DA:272,2
DA:273,2
DA:275,1
DA:279,2
DA:280,2
DA:281,2
DA:282,2
DA:287,2
DA:288,2
DA:290,2
DA:291,0
DA:292,0
DA:293,0
DA:297,0
DA:298,0
DA:299,0
DA:304,0
DA:305,0
DA:307,0
DA:308,0
DA:311,0
LF:124
LH:57
BRDA:62,0,0,0
BRDA:62,0,1,0
BRDA:75,1,0,0
BRDA:75,1,1,0
BRDA:80,2,0,0
BRDA:80,2,1,0
BRDA:95,3,0,2
BRDA:95,3,1,0
BRDA:110,4,0,0
BRDA:110,4,1,0
BRDA:123,5,0,0
BRDA:123,5,1,0
BRDA:129,6,0,0
BRDA:129,6,1,0
BRDA:135,7,0,0
BRDA:135,7,1,0
BRDA:141,8,0,0
BRDA:141,8,1,0
BRDA:159,9,0,2
BRDA:159,9,1,3
BRDA:176,10,0,0
BRDA:176,10,1,1
BRDA:179,11,0,1
BRDA:179,11,1,0
BRDA:183,12,0,0
BRDA:183,12,1,0
BRDA:184,13,0,0
BRDA:184,13,1,0
BRDA:186,14,0,0
BRDA:186,14,1,0
BRDA:187,15,0,0
BRDA:187,15,1,0
BRDA:190,16,0,0
BRDA:190,16,1,0
BRDA:191,17,0,0
BRDA:191,17,1,0
BRDA:194,18,0,0
BRDA:194,18,1,0
BRDA:195,19,0,0
BRDA:195,19,1,0
BRDA:198,20,0,0
BRDA:198,20,1,0
BRDA:199,21,0,0
BRDA:199,21,1,0
BRDA:221,22,0,1
BRDA:221,22,1,0
BRDA:231,23,0,0
BRDA:231,23,1,0
BRDA:237,24,0,0
BRDA:237,24,1,0
BRDA:292,25,0,0
BRDA:292,25,1,0
BRDA:298,26,0,0
BRDA:298,26,1,0
BRDA:304,27,0,0
BRDA:304,27,1,0
BRDA:307,28,0,0
BRDA:307,28,1,0
BRF:58
BRH:6
end_of_record
TN:
SF:src/classes/Tag.js
FN:6,(anonymous_0)
FN:16,(anonymous_1)
FN:23,(anonymous_2)
FN:27,(anonymous_3)
FN:40,(anonymous_4)
FNF:5
FNH:5
FNDA:9,(anonymous_0)
FNDA:7,(anonymous_1)
FNDA:4,(anonymous_2)
FNDA:1,(anonymous_3)
FNDA:10,(anonymous_4)
DA:7,9
DA:8,9
DA:9,9
DA:10,9
DA:17,7
DA:24,4
DA:28,1
DA:29,1
DA:30,1
DA:32,1
DA:41,10
DA:43,10
DA:44,9
DA:47,1
LF:14
LH:14
BRDA:43,0,0,9
BRDA:43,0,1,1
BRF:2
BRH:2
end_of_record
TN:
SF:src/classes/Trade_Item.js
FN:13,(anonymous_0)
FN:36,(anonymous_1)
FN:47,(anonymous_2)
FN:50,(anonymous_3)
FN:58,(anonymous_4)
FN:64,(anonymous_5)
FN:71,(anonymous_6)
FN:77,(anonymous_7)
FN:84,(anonymous_8)
FN:90,(anonymous_9)
FN:97,(anonymous_10)
FN:103,(anonymous_11)
FN:110,(anonymous_12)
FN:116,(anonymous_13)
FN:121,(anonymous_14)
FN:128,(anonymous_15)
FN:136,(anonymous_16)
FN:144,(anonymous_17)
FN:156,(anonymous_18)
FN:164,(anonymous_19)
FN:168,(anonymous_20)
FN:173,(anonymous_21)
FN:177,(anonymous_22)
FN:182,(anonymous_23)
FN:186,(anonymous_24)
FNF:25
FNH:21
FNDA:3,(anonymous_0)
FNDA:2,(anonymous_1)
FNDA:1,(anonymous_2)
FNDA:1,(anonymous_3)
FNDA:13,(anonymous_4)
FNDA:15,(anonymous_5)
FNDA:15,(anonymous_6)
FNDA:16,(anonymous_7)
FNDA:14,(anonymous_8)
FNDA:15,(anonymous_9)
FNDA:1,(anonymous_10)
FNDA:1,(anonymous_11)
FNDA:16,(anonymous_12)
FNDA:17,(anonymous_13)
FNDA:1,(anonymous_14)
FNDA:14,(anonymous_15)
FNDA:14,(anonymous_16)
FNDA:22,(anonymous_17)
FNDA:5,(anonymous_18)
FNDA:2,(anonymous_19)
FNDA:1,(anonymous_20)
FNDA:0,(anonymous_21)
FNDA:0,(anonymous_22)
FNDA:0,(anonymous_23)
FNDA:0,(anonymous_24)
DA:14,3
DA:15,3
DA:16,3
DA:17,3
DA:18,3
DA:19,3
DA:20,3
DA:21,3
DA:22,3
DA:23,0
DA:25,3
DA:28,3
DA:29,3
DA:30,3
DA:32,3
DA:37,2
DA:38,2
DA:39,0
DA:40,0
DA:44,0
DA:48,1
DA:50,1
DA:51,1
DA:53,1
DA:59,13
DA:60,13
DA:65,15
DA:72,15
DA:73,15
DA:78,16
DA:85,14
DA:86,14
DA:91,15
DA:98,1
DA:99,1
DA:104,1
DA:111,16
DA:112,16
DA:117,17
DA:122,1
DA:129,14
DA:130,14
DA:137,14
DA:145,22
DA:146,22
DA:147,21
DA:150,1
DA:157,5
DA:158,5
DA:165,2
DA:169,1
DA:170,1
DA:174,0
DA:178,0
DA:179,0
DA:183,0
DA:187,0
LF:57
LH:48
BRDA:22,0,0,0
BRDA:22,0,1,3
BRDA:37,1,0,2
BRDA:37,1,1,0
BRDA:39,2,0,0
BRDA:39,2,1,0
BRDA:146,3,0,21
BRDA:146,3,1,1
BRF:8
BRH:4
end_of_record
TN:
SF:src/classes/User_Account.js
FN:10,(anonymous_0)
FN:24,(anonymous_1)
FN:30,(anonymous_2)
FN:37,(anonymous_3)
FN:45,(anonymous_4)
FN:53,(anonymous_5)
FN:66,(anonymous_6)
FN:71,(anonymous_7)
FN:76,(anonymous_8)
FN:83,(anonymous_9)
FN:92,(anonymous_10)
FN:98,(anonymous_11)
FN:104,(anonymous_12)
FN:108,(anonymous_13)
FN:113,(anonymous_14)
FN:118,(anonymous_15)
FN:123,(anonymous_16)
FN:131,(anonymous_17)
FN:139,(anonymous_18)
FN:157,(anonymous_19)
FN:167,(anonymous_20)
FN:179,(anonymous_21)
FNF:22
FNH:20
FNDA:8,(anonymous_0)
FNDA:2,(anonymous_1)
FNDA:4,(anonymous_2)
FNDA:2,(anonymous_3)
FNDA:2,(anonymous_4)
FNDA:6,(anonymous_5)
FNDA:4,(anonymous_6)
FNDA:4,(anonymous_7)
FNDA:2,(anonymous_8)
FNDA:10,(anonymous_9)
FNDA:6,(anonymous_10)
FNDA:4,(anonymous_11)
FNDA:4,(anonymous_12)
FNDA:1,(anonymous_13)
FNDA:1,(anonymous_14)
FNDA:0,(anonymous_15)
FNDA:0,(anonymous_16)
FNDA:6,(anonymous_17)
FNDA:6,(anonymous_18)
FNDA:2,(anonymous_19)
FNDA:2,(anonymous_20)
FNDA:4,(anonymous_21)
DA:11,8
DA:12,8
DA:13,8
DA:14,8
DA:15,8
DA:16,8
DA:17,8
DA:18,8
DA:25,2
DA:26,2
DA:31,4
DA:38,2
DA:39,2
DA:46,2
DA:47,2
DA:54,6
DA:55,6
DA:56,4
DA:59,2
DA:60,2
DA:62,2
DA:67,4
DA:72,4
DA:77,2
DA:84,10
DA:85,2
DA:87,8
DA:88,8
DA:93,6
DA:99,4
DA:100,4
DA:105,4
DA:109,1
DA:110,1
DA:114,1
DA:119,0
DA:120,0
DA:124,0
DA:132,6
DA:140,6
DA:142,0
DA:143,0
DA:146,0
DA:154,0
DA:158,2
DA:159,2
DA:168,2
DA:169,2
DA:180,4
DA:182,0
DA:183,0
DA:185,0
DA:186,0
LF:53
LH:42
BRDA:55,0,0,4
BRDA:55,0,1,2
BRDA:55,1,0,6
BRDA:55,1,1,2
BRDA:55,1,2,2
BRDA:84,2,0,2
BRDA:84,2,1,8
BRDA:142,3,0,0
BRDA:142,3,1,0
BRDA:182,4,0,0
BRDA:182,4,1,0
BRF:11
BRH:7
end_of_record
TN:
SF:src/helpers/APIcommands.js
FNF:0
FNH:0
DA:4,3
LF:1
LH:1
BRF:0
BRH:0
end_of_record
TN:
SF:src/helpers/init.js
FNF:0
FNH:0
DA:6,2
DA:9,2
DA:12,2
DA:13,2
DA:16,2
DA:19,2
LF:6
LH:6
BRF:0
BRH:0
end_of_record
